[0mGET /api/v1/tours [32m200[0m 2.026 ms - 8504[0m
[0mGET /api/v1/tours/9 [33m404[0m 0.543 ms - 67[0m
GET 404 67 - 1.547 ms
GET 404 67 - 1.510 ms
GET 200 8504 - 0.358 ms
Method:GET 200 8504 - 1.448 ms
Wed, 02 Sep 2020 21:30:17 GMT GET 200 8504 - 1.417 ms
Wed, 02 Sep 2020 21:30:38 GMT - GET 200 8504 - 1.437 ms
Wed, 02 Sep 2020 21:40:04 GMT - GET 200 8504 - 0.335 ms
Wed, 02 Sep 2020 21:40:05 GMT - GET 200 8504 - 0.385 ms
Wed, 02 Sep 2020 21:40:07 GMT - GET 404 67 - 0.397 ms
Wed, 02 Sep 2020 21:40:10 GMT - GET 200 1059 - 0.278 ms
Thu, 03 Sep 2020 13:01:56 GMT - GET 200 8504 - 1.433 ms
Thu, 03 Sep 2020 13:02:01 GMT - GET 200 1168 - 0.465 ms
Thu, 03 Sep 2020 13:02:05 GMT - GET 404 67 - 0.300 ms
Thu, 03 Sep 2020 14:56:55 GMT - GET 404 154 - 1.544 ms
Thu, 03 Sep 2020 14:58:24 GMT - GET 404 67 - 1.514 ms
Thu, 03 Sep 2020 14:58:26 GMT - GET 200 8504 - 0.363 ms
Thu, 03 Sep 2020 14:58:33 GMT - DELETE 404 67 - 0.420 ms
Thu, 03 Sep 2020 15:10:23 GMT - DELETE 404 157 - 1.781 ms
Thu, 03 Sep 2020 15:10:26 GMT - GET 200 8504 - 1.114 ms
Thu, 03 Sep 2020 15:10:29 GMT - DELETE 404 157 - 0.364 ms
Thu, 03 Sep 2020 15:10:35 GMT - DELETE 404 67 - 1.503 ms
Thu, 03 Sep 2020 15:10:37 GMT - GET 404 67 - 0.337 ms
Thu, 03 Sep 2020 15:10:40 GMT - GET 200 8504 - 0.454 ms
Thu, 03 Sep 2020 15:10:43 GMT - PATCH 404 67 - 6.062 ms
Thu, 03 Sep 2020 15:10:50 GMT - PATCH 200 42 - 0.446 ms
Thu, 03 Sep 2020 19:07:37 GMT - PATCH 200 42 - 7.521 ms
Thu, 03 Sep 2020 19:07:41 GMT - GET 200 8504 - 0.502 ms
Thu, 03 Sep 2020 19:22:03 GMT - GET 200 8504 - 0.315 ms
Thu, 03 Sep 2020 19:23:26 GMT - GET 200 8504 - 1.462 ms
Thu, 03 Sep 2020 19:23:27 GMT - GET 200 8504 - 0.326 ms
Thu, 03 Sep 2020 19:23:53 GMT - GET 404 67 - 0.603 ms
Thu, 03 Sep 2020 19:23:59 GMT - GET 200 974 - 0.417 ms
Thu, 03 Sep 2020 19:31:49 GMT - GET 200 974 - 1.665 ms
Thu, 03 Sep 2020 19:31:52 GMT - GET 200 974 - 0.431 ms
Thu, 03 Sep 2020 19:31:56 GMT - GET 200 1168 - 0.573 ms
Thu, 03 Sep 2020 19:32:00 GMT - GET 200 862 - 0.266 ms
Thu, 03 Sep 2020 19:32:05 GMT - GET 404 67 - 0.261 ms
Thu, 03 Sep 2020 19:32:10 GMT - GET 200 20 - 0.236 ms
Thu, 03 Sep 2020 19:32:13 GMT - GET 200 20 - 0.267 ms
Thu, 03 Sep 2020 19:32:16 GMT - GET 200 1168 - 0.267 ms
Thu, 03 Sep 2020 19:32:20 GMT - GET 200 20 - 0.388 ms
Thu, 03 Sep 2020 19:32:55 GMT - GET 404 67 - 1.650 ms
Thu, 03 Sep 2020 19:32:57 GMT - GET 404 67 - 0.364 ms
Thu, 03 Sep 2020 19:33:00 GMT - GET 404 67 - 0.282 ms
Thu, 03 Sep 2020 19:36:27 GMT - PATCH 200 877 - 7.279 ms
Thu, 03 Sep 2020 19:36:30 GMT - PATCH 200 877 - 0.588 ms
Thu, 03 Sep 2020 19:36:33 GMT - PATCH 404 67 - 0.355 ms
Thu, 03 Sep 2020 20:44:07 GMT - GET 200 8504 - 1.486 ms
Thu, 03 Sep 2020 20:44:09 GMT - GET 200 8504 - 0.331 ms
Thu, 03 Sep 2020 20:44:12 GMT - GET 404 67 - 0.421 ms
Thu, 03 Sep 2020 20:44:25 GMT - POST 201 8557 - 6.818 ms
Thu, 03 Sep 2020 20:44:33 GMT - POST 201 8623 - 1.036 ms
Thu, 03 Sep 2020 20:45:21 GMT - POST 201 8689 - 0.805 ms
Thu, 03 Sep 2020 20:45:57 GMT - POST 201 8755 - 8.552 ms
Thu, 03 Sep 2020 20:47:05 GMT - POST 201 8821 - 10.531 ms
Thu, 03 Sep 2020 20:49:28 GMT - GET 200 8834 - 0.511 ms
Thu, 03 Sep 2020 20:50:27 GMT - GET 200 8834 - 1.484 ms
Thu, 03 Sep 2020 20:50:32 GMT - POST 201 8887 - 6.990 ms
Thu, 03 Sep 2020 20:50:55 GMT - POST 400 24 - 8.451 ms
Thu, 03 Sep 2020 20:51:36 GMT - POST 400 24 - 0.824 ms
Thu, 03 Sep 2020 20:51:55 GMT - POST 400 24 - 0.961 ms
Thu, 03 Sep 2020 20:51:56 GMT - POST 400 24 - 0.765 ms
Thu, 03 Sep 2020 20:52:06 GMT - POST 400 24 - 8.695 ms
Thu, 03 Sep 2020 20:52:12 GMT - POST 400 24 - 0.779 ms
Thu, 03 Sep 2020 20:52:16 GMT - POST 400 24 - 0.954 ms
Thu, 03 Sep 2020 20:52:24 GMT - POST 201 8956 - 1.181 ms
Thu, 03 Sep 2020 20:52:26 GMT - POST 201 9025 - 1.027 ms
Thu, 03 Sep 2020 20:53:03 GMT - POST 201 9094 - 9.178 ms
Thu, 03 Sep 2020 20:53:20 GMT - POST 400 24 - 1.892 ms
Thu, 03 Sep 2020 20:53:26 GMT - POST 400 24 - 0.649 ms
Thu, 03 Sep 2020 20:54:22 GMT - POST 201 9152 - 0.896 ms
Thu, 03 Sep 2020 20:54:23 GMT - POST 400 24 - 0.641 ms
Thu, 03 Sep 2020 20:54:32 GMT - POST 400 24 - 0.434 ms
Thu, 03 Sep 2020 20:54:36 GMT - POST 201 9214 - 1.026 ms
Thu, 03 Sep 2020 20:54:42 GMT - POST 201 9276 - 0.909 ms
Thu, 03 Sep 2020 20:54:54 GMT - POST 201 9338 - 0.916 ms
Thu, 03 Sep 2020 20:55:39 GMT - POST 201 9396 - 0.803 ms
Thu, 03 Sep 2020 20:55:47 GMT - POST 400 24 - 0.408 ms
Thu, 03 Sep 2020 20:55:52 GMT - POST 400 24 - 0.404 ms
Thu, 03 Sep 2020 20:55:58 GMT - POST 400 24 - 0.400 ms
Thu, 03 Sep 2020 20:56:10 GMT - POST 400 1005 - 2.051 ms
Thu, 03 Sep 2020 20:56:15 GMT - POST 400 24 - 0.834 ms
Thu, 03 Sep 2020 20:56:21 GMT - POST 400 24 - 0.393 ms
Thu, 03 Sep 2020 21:01:33 GMT - POST 400 1003 - 8.552 ms
Thu, 03 Sep 2020 21:01:37 GMT - POST 400 64 - 1.308 ms
Thu, 03 Sep 2020 21:01:44 GMT - POST 400 64 - 0.410 ms
Thu, 03 Sep 2020 21:02:05 GMT - POST 400 1007 - 0.580 ms
Thu, 03 Sep 2020 21:02:13 GMT - POST 400 24 - 1.639 ms
Thu, 03 Sep 2020 21:02:45 GMT - POST 400 24 - 0.520 ms
Thu, 03 Sep 2020 21:02:49 GMT - POST 400 24 - 0.502 ms
Thu, 03 Sep 2020 21:02:52 GMT - POST 400 24 - 0.495 ms
Thu, 03 Sep 2020 21:02:55 GMT - POST 400 24 - 0.488 ms
Thu, 03 Sep 2020 21:03:08 GMT - POST 201 9456 - 1.164 ms
Thu, 03 Sep 2020 21:03:09 GMT - POST 400 24 - 0.484 ms
Thu, 03 Sep 2020 21:03:16 GMT - POST 400 64 - 0.292 ms
Thu, 03 Sep 2020 21:03:23 GMT - POST 400 24 - 0.418 ms
Thu, 03 Sep 2020 21:20:35 GMT - GET 404 139 - 2.005 ms
Thu, 03 Sep 2020 21:20:43 GMT - GET 200 14645 - 36.231 ms
Thu, 03 Sep 2020 21:20:43 GMT - GET 404 151 - 0.963 ms
Thu, 03 Sep 2020 21:20:43 GMT - GET 404 159 - 1.120 ms
Thu, 03 Sep 2020 21:20:43 GMT - GET 404 159 - 1.222 ms
Thu, 03 Sep 2020 21:20:43 GMT - GET 404 159 - 1.271 ms
Thu, 03 Sep 2020 21:20:43 GMT - GET 404 159 - 0.835 ms
Thu, 03 Sep 2020 21:20:43 GMT - GET 404 159 - 0.907 ms
Thu, 03 Sep 2020 21:20:43 GMT - GET 200 26058 - 16.374 ms
Thu, 03 Sep 2020 21:20:43 GMT - GET 404 159 - 1.470 ms
Thu, 03 Sep 2020 21:20:43 GMT - GET 200 11217 - 54.682 ms
Thu, 03 Sep 2020 21:20:43 GMT - GET 200 19764 - 58.016 ms
Thu, 03 Sep 2020 21:20:44 GMT - GET 200 144738 - 53.605 ms
Thu, 03 Sep 2020 21:20:44 GMT - GET 200 12789 - 13.049 ms
Thu, 03 Sep 2020 21:24:32 GMT - GET 304 - - 1.707 ms
Thu, 03 Sep 2020 21:24:32 GMT - GET 304 - - 0.488 ms
Thu, 03 Sep 2020 21:24:32 GMT - GET 404 151 - 2.015 ms
Thu, 03 Sep 2020 21:24:32 GMT - GET 404 159 - 2.280 ms
Thu, 03 Sep 2020 21:24:32 GMT - GET 404 159 - 2.357 ms
Thu, 03 Sep 2020 21:24:32 GMT - GET 404 159 - 2.458 ms
Thu, 03 Sep 2020 21:24:32 GMT - GET 404 159 - 2.566 ms
Thu, 03 Sep 2020 21:24:32 GMT - GET 304 - - 2.576 ms
Thu, 03 Sep 2020 21:24:32 GMT - GET 404 159 - 0.361 ms
Thu, 03 Sep 2020 21:24:32 GMT - GET 404 159 - 0.400 ms
Thu, 03 Sep 2020 21:24:32 GMT - GET 304 - - 0.272 ms
Thu, 03 Sep 2020 21:24:32 GMT - GET 304 - - 0.315 ms
Thu, 03 Sep 2020 21:24:32 GMT - GET 200 12789 - 1.189 ms
Thu, 03 Sep 2020 21:24:34 GMT - GET 304 - - 0.336 ms
Thu, 03 Sep 2020 21:24:34 GMT - GET 304 - - 0.216 ms
Thu, 03 Sep 2020 21:24:34 GMT - GET 404 151 - 0.843 ms
Thu, 03 Sep 2020 21:24:34 GMT - GET 404 159 - 0.863 ms
Thu, 03 Sep 2020 21:24:34 GMT - GET 404 159 - 0.895 ms
Thu, 03 Sep 2020 21:24:34 GMT - GET 404 159 - 0.964 ms
Thu, 03 Sep 2020 21:24:34 GMT - GET 404 159 - 1.023 ms
Thu, 03 Sep 2020 21:24:34 GMT - GET 304 - - 1.066 ms
Thu, 03 Sep 2020 21:24:34 GMT - GET 404 159 - 0.644 ms
Thu, 03 Sep 2020 21:24:34 GMT - GET 404 159 - 0.629 ms
Thu, 03 Sep 2020 21:24:34 GMT - GET 304 - - 0.682 ms
Thu, 03 Sep 2020 21:24:34 GMT - GET 304 - - 0.744 ms
Thu, 03 Sep 2020 22:02:32 GMT - GET 200 9469 - 2.360 ms
Thu, 03 Sep 2020 22:02:32 GMT - GET 200 9469 - 0.563 ms
Thu, 03 Sep 2020 22:05:35 GMT - GET 200 9469 - 2.403 ms
Thu, 03 Sep 2020 22:05:35 GMT - GET 200 9469 - 0.556 ms
